TN:
SF:/Users/zhangbo/GitHub/vue-koa-demo/server/app.js
FN:39,(anonymous_0)
FN:52,(anonymous_1)
FNF:2
FNH:2
FNDA:19,(anonymous_0)
FNDA:1,(anonymous_1)
DA:1,4
DA:2,4
DA:3,4
DA:4,4
DA:5,4
DA:6,4
DA:7,4
DA:8,4
DA:10,4
DA:12,4
DA:14,4
DA:16,4
DA:27,4
DA:29,4
DA:32,4
DA:35,4
DA:36,4
DA:39,4
DA:40,19
DA:41,19
DA:42,18
DA:43,18
DA:47,4
DA:48,4
DA:49,4
DA:52,4
DA:53,1
DA:56,4
LF:28
LH:28
BRF:0
BRH:0
end_of_record
TN:
SF:/Users/zhangbo/GitHub/vue-koa-demo/server/models/todo.js
FNF:0
FNH:0
DA:1,4
DA:2,4
DA:4,4
DA:11,4
LF:4
LH:4
BRF:0
BRH:0
end_of_record
TN:
SF:/Users/zhangbo/GitHub/vue-koa-demo/server/models/user.js
FNF:0
FNH:0
DA:1,4
DA:2,4
DA:4,4
DA:9,4
LF:4
LH:4
BRF:0
BRH:0
end_of_record
TN:
SF:/Users/zhangbo/GitHub/vue-koa-demo/server/routes/index.js
FN:21,(anonymous_0)
FNF:1
FNH:1
FNDA:4,(anonymous_0)
DA:1,4
DA:2,4
DA:3,4
DA:4,4
DA:5,4
DA:7,4
DA:9,4
DA:11,4
DA:12,4
DA:21,4
DA:23,4
DA:24,4
DA:25,4
DA:26,4
DA:28,4
LF:15
LH:15
BRDA:9,0,0,4
BRF:1
BRH:1
end_of_record
TN:
SF:/Users/zhangbo/GitHub/vue-koa-demo/server/routes/login.js
FN:5,(anonymous_0)
FN:15,(anonymous_1)
FN:30,(anonymous_2)
FNF:3
FNH:3
FNDA:2,(anonymous_0)
FNDA:3,(anonymous_1)
FNDA:2,(anonymous_2)
DA:1,4
DA:2,4
DA:3,4
DA:5,4
DA:6,2
DA:7,2
DA:8,2
DA:9,1
DA:11,1
DA:15,4
DA:16,3
DA:17,3
DA:18,3
DA:19,2
DA:20,1
DA:21,1
DA:23,1
DA:26,1
DA:30,4
DA:31,2
DA:32,1
DA:37,1
DA:44,4
DA:45,4
DA:46,4
DA:48,4
LF:26
LH:26
BRDA:8,0,0,1
BRDA:8,0,1,1
BRDA:18,1,0,2
BRDA:18,1,1,1
BRDA:19,2,0,1
BRDA:19,2,1,1
BRDA:31,3,0,1
BRDA:31,3,1,1
BRF:8
BRH:8
end_of_record
TN:
SF:/Users/zhangbo/GitHub/vue-koa-demo/server/routes/logout.js
FN:1,(anonymous_0)
FNF:1
FNH:1
FNDA:1,(anonymous_0)
DA:1,4
DA:2,1
DA:3,1
DA:8,4
LF:4
LH:4
BRF:0
BRH:0
end_of_record
TN:
SF:/Users/zhangbo/GitHub/vue-koa-demo/server/routes/register.js
FN:4,(anonymous_0)
FNF:1
FNH:1
FNDA:3,(anonymous_0)
DA:1,4
DA:2,4
DA:4,4
DA:5,3
DA:6,3
DA:7,2
DA:8,2
DA:9,1
DA:11,1
DA:15,1
DA:16,1
DA:20,4
LF:12
LH:12
BRDA:6,0,0,1
BRDA:6,0,1,2
BRDA:8,1,0,1
BRDA:8,1,1,1
BRF:4
BRH:4
end_of_record
TN:
SF:/Users/zhangbo/GitHub/vue-koa-demo/server/routes/userTodo.js
FN:5,(anonymous_0)
FN:17,(anonymous_1)
FN:36,(anonymous_2)
FN:45,(anonymous_3)
FN:49,(anonymous_4)
FNF:5
FNH:5
FNDA:1,(anonymous_0)
FNDA:2,(anonymous_1)
FNDA:3,(anonymous_2)
FNDA:1,(anonymous_3)
FNDA:1,(anonymous_4)
DA:1,4
DA:2,4
DA:3,4
DA:5,4
DA:6,1
DA:7,1
DA:8,1
DA:14,1
DA:15,1
DA:17,4
DA:18,2
DA:19,2
DA:20,2
DA:21,2
DA:22,2
DA:23,2
DA:24,1
DA:25,1
DA:27,1
DA:28,1
DA:30,2
DA:31,1
DA:33,1
DA:36,4
DA:37,3
DA:38,2
DA:40,1
DA:42,3
DA:43,3
DA:45,4
DA:46,1
DA:47,1
DA:49,4
DA:50,1
DA:51,1
DA:52,1
DA:53,1
DA:56,4
DA:57,4
DA:58,4
DA:59,4
DA:60,4
DA:62,4
LF:43
LH:43
BRDA:23,0,0,1
BRDA:23,0,1,1
BRDA:30,1,0,1
BRDA:30,1,1,1
BRDA:37,2,0,2
BRDA:37,2,1,1
BRF:6
BRH:6
end_of_record
TN:
SF:/Users/zhangbo/GitHub/vue-koa-demo/src/App.vue
FN:15,data
FN:21,setUserName
FN:25,created
FNF:3
FNH:3
FNDA:4,data
FNDA:1,setUserName
FNDA:4,created
DA:10,1
DA:11,1
DA:16,4
DA:22,1
DA:26,4
DA:27,1
LF:6
LH:6
BRDA:17,0,0,4
BRDA:17,0,1,3
BRDA:26,1,0,1
BRDA:26,1,1,3
BRF:4
BRH:4
end_of_record
TN:
SF:/Users/zhangbo/GitHub/vue-koa-demo/src/components/Detail.vue
FN:21,data
FN:30,created
FN:31,(anonymous_4)
FN:36,(anonymous_5)
FN:40,(anonymous_6)
FNF:5
FNH:5
FNDA:3,data
FNDA:3,created
FNDA:2,(anonymous_4)
FNDA:1,(anonymous_5)
FNDA:1,(anonymous_6)
DA:17,1
DA:18,1
DA:22,3
DA:30,3
DA:31,3
DA:33,2
DA:34,2
DA:35,2
DA:38,1
DA:39,1
DA:40,1
DA:41,1
LF:12
LH:12
BRF:0
BRH:0
end_of_record
TN:
SF:/Users/zhangbo/GitHub/vue-koa-demo/src/components/Login.vue
FN:22,data
FN:23,(anonymous_3)
FN:32,validatePwd
FN:51,login
FN:58,(anonymous_11)
FN:73,resetForm
FN:77,created
FNF:7
FNH:7
FNDA:6,data
FNDA:21,(anonymous_3)
FNDA:4,validatePwd
FNDA:22,login
FNDA:1,(anonymous_11)
FNDA:1,resetForm
FNDA:6,created
DA:19,1
DA:22,6
DA:23,66
DA:25,1
DA:27,2
DA:28,4
DA:32,6
DA:33,4
DA:34,1
DA:36,3
DA:39,6
DA:51,75
DA:53,2
DA:55,2
DA:57,1
DA:58,1
DA:59,1
DA:63,1
DA:64,1
DA:69,2
DA:74,1
DA:78,6
DA:79,0
LF:23
LH:22
BRDA:23,0,0,4
BRDA:23,0,1,3
BRDA:23,0,2,2
BRDA:23,0,3,3
BRDA:23,0,4,4
BRDA:23,1,0,3
BRDA:23,1,1,1
BRDA:28,2,0,0
BRDA:28,2,1,2
BRDA:33,3,0,1
BRDA:33,3,1,3
BRDA:51,4,0,4
BRDA:51,4,1,2
BRDA:51,4,2,2
BRDA:51,4,3,1
BRDA:51,4,4,0
BRDA:51,4,5,2
BRDA:51,4,6,0
BRDA:51,4,7,4
BRDA:51,5,0,1
BRDA:51,5,1,3
BRDA:78,6,0,0
BRDA:78,6,1,6
BRF:23
BRH:19
end_of_record
TN:
SF:/Users/zhangbo/GitHub/vue-koa-demo/src/components/NotFound.vue
FN:10,data
FNF:1
FNH:1
FNDA:2,data
DA:11,2
LF:1
LH:1
BRF:0
BRH:0
end_of_record
TN:
SF:/Users/zhangbo/GitHub/vue-koa-demo/src/components/Register.vue
FN:25,data
FN:26,validatePwd
FN:33,validateRepwd
FN:65,confirmRegister
FN:76,(anonymous_8)
FN:100,resetForm
FN:104,created
FNF:7
FNH:7
FNDA:6,data
FNDA:3,validatePwd
FNDA:3,validateRepwd
FNDA:22,confirmRegister
FNDA:1,(anonymous_8)
FNDA:1,resetForm
FNDA:6,created
DA:22,1
DA:25,6
DA:26,6
DA:27,3
DA:28,0
DA:30,3
DA:33,6
DA:34,3
DA:35,0
DA:36,3
DA:37,1
DA:39,2
DA:42,6
DA:65,75
DA:67,2
DA:69,2
DA:71,1
DA:76,1
DA:77,1
DA:81,1
DA:85,1
DA:89,0
DA:96,2
DA:101,1
DA:105,6
DA:106,0
LF:26
LH:22
BRDA:27,0,0,0
BRDA:27,0,1,3
BRDA:34,1,0,0
BRDA:34,1,1,3
BRDA:36,2,0,1
BRDA:36,2,1,2
BRDA:65,3,0,4
BRDA:65,3,1,2
BRDA:65,3,2,2
BRDA:65,3,3,1
BRDA:65,3,4,0
BRDA:65,3,5,0
BRDA:65,3,6,0
BRDA:65,3,7,2
BRDA:65,3,8,0
BRDA:65,3,9,4
BRDA:65,4,0,1
BRDA:65,4,1,3
BRDA:105,5,0,0
BRDA:105,5,1,6
BRF:20
BRH:13
end_of_record
TN:
SF:/Users/zhangbo/GitHub/vue-koa-demo/src/components/TodoList.vue
FN:44,data
FN:54,checkHasLogin
FN:73,submitTodo
FN:75,(anonymous_7)
FN:82,(anonymous_8)
FN:85,getTodoList
FN:89,(anonymous_12)
FN:101,completeTodo
FN:102,(anonymous_14)
FN:109,(anonymous_15)
FN:115,todoClick
FN:119,(anonymous_17)
FN:124,todoInputBlur
FN:127,(anonymous_19)
FN:133,updateTodoDetail
FN:134,(anonymous_21)
FN:141,(anonymous_22)
FN:148,mounted
FN:151,beforeDestroy
FNF:19
FNH:16
FNDA:7,data
FNDA:36,checkHasLogin
FNDA:1,submitTodo
FNDA:1,(anonymous_7)
FNDA:0,(anonymous_8)
FNDA:36,getTodoList
FNDA:8,(anonymous_12)
FNDA:1,completeTodo
FNDA:1,(anonymous_14)
FNDA:0,(anonymous_15)
FNDA:2,todoClick
FNDA:1,(anonymous_17)
FNDA:1,todoInputBlur
FNDA:1,(anonymous_19)
FNDA:1,updateTodoDetail
FNDA:1,(anonymous_21)
FNDA:0,(anonymous_22)
FNDA:7,mounted
FNDA:1,beforeDestroy
DA:41,1
DA:45,7
DA:54,149
DA:56,7
DA:57,7
DA:58,6
DA:60,6
DA:61,1
DA:63,6
DA:66,0
DA:69,1
DA:70,1
DA:73,1
DA:74,1
DA:75,1
DA:77,2
DA:79,1
DA:80,1
DA:81,1
DA:83,0
DA:85,153
DA:86,9
DA:88,9
DA:89,9
DA:90,8
DA:91,8
DA:93,9
DA:94,9
DA:95,9
DA:97,0
DA:98,0
DA:101,1
DA:102,1
DA:104,1
DA:105,1
DA:106,1
DA:108,0
DA:111,0
DA:112,0
DA:115,2
DA:116,3
DA:117,1
DA:118,1
DA:119,1
DA:120,1
DA:121,1
DA:124,1
DA:125,1
DA:126,1
DA:127,1
DA:128,1
DA:129,1
DA:130,1
DA:133,1
DA:134,1
DA:136,1
DA:137,1
DA:138,1
DA:140,0
DA:143,0
DA:144,0
DA:149,7
DA:152,1
DA:153,1
LF:64
LH:54
BRDA:48,0,0,1
BRDA:48,0,1,6
BRDA:50,1,0,1
BRDA:50,1,1,6
BRDA:54,2,0,7
BRDA:54,2,1,7
BRDA:54,2,2,6
BRDA:54,2,3,0
BRDA:54,2,4,6
BRDA:54,2,5,1
BRDA:54,2,6,6
BRDA:54,2,7,7
BRDA:54,3,0,0
BRDA:54,3,1,6
BRDA:60,4,0,1
BRDA:60,4,1,5
BRDA:74,5,0,0
BRDA:74,5,1,1
BRDA:77,6,0,1
BRDA:77,6,1,0
BRDA:85,7,0,36
BRDA:85,7,1,18
BRDA:85,8,0,9
BRDA:85,8,1,9
BRDA:85,8,2,0
BRDA:85,8,3,9
BRDA:85,8,4,9
BRDA:89,9,0,9
BRDA:89,9,1,7
BRDA:95,10,0,0
BRDA:95,10,1,9
BRDA:104,11,0,1
BRDA:104,11,1,0
BRDA:116,12,0,3
BRDA:116,12,1,2
BRDA:136,13,0,1
BRDA:136,13,1,0
BRF:37
BRH:29
end_of_record
TN:
SF:/Users/zhangbo/GitHub/vue-koa-demo/src/components/Todofooter.vue
FN:10,data
FNF:1
FNH:1
FNDA:3,data
DA:11,3
LF:1
LH:1
BRF:0
BRH:0
end_of_record
TN:
SF:/Users/zhangbo/GitHub/vue-koa-demo/src/components/Todoheader.vue
FN:13,data
FN:22,logout
FN:23,(anonymous_4)
FN:32,(anonymous_5)
FNF:4
FNH:4
FNDA:8,data
FNDA:3,logout
FNDA:2,(anonymous_4)
FNDA:1,(anonymous_5)
DA:9,2
DA:14,8
DA:22,3
DA:23,3
DA:25,2
DA:26,1
DA:27,1
DA:28,1
DA:29,1
DA:30,1
DA:34,1
DA:35,1
LF:12
LH:12
BRDA:25,0,0,1
BRDA:25,0,1,1
BRF:2
BRH:2
end_of_record
