TN:
SF:/Users/zhangbo/GitHub/vue-koa-demo/server/app.js
FN:39,(anonymous_0)
FN:52,(anonymous_1)
FNF:2
FNH:2
FNDA:19,(anonymous_0)
FNDA:1,(anonymous_1)
DA:1,4
DA:2,4
DA:3,4
DA:4,4
DA:5,4
DA:6,4
DA:7,4
DA:8,4
DA:10,4
DA:12,4
DA:14,4
DA:16,4
DA:27,4
DA:29,4
DA:32,4
DA:35,4
DA:36,4
DA:39,4
DA:40,19
DA:41,19
DA:42,18
DA:43,18
DA:47,4
DA:48,4
DA:49,4
DA:52,4
DA:53,1
DA:56,4
LF:28
LH:28
BRF:0
BRH:0
end_of_record
TN:
SF:/Users/zhangbo/GitHub/vue-koa-demo/server/models/todo.js
FNF:0
FNH:0
DA:1,4
DA:2,4
DA:4,4
DA:11,4
LF:4
LH:4
BRF:0
BRH:0
end_of_record
TN:
SF:/Users/zhangbo/GitHub/vue-koa-demo/server/models/user.js
FNF:0
FNH:0
DA:1,4
DA:2,4
DA:4,4
DA:9,4
LF:4
LH:4
BRF:0
BRH:0
end_of_record
TN:
SF:/Users/zhangbo/GitHub/vue-koa-demo/server/routes/index.js
FN:21,(anonymous_0)
FNF:1
FNH:1
FNDA:4,(anonymous_0)
DA:1,4
DA:2,4
DA:3,4
DA:4,4
DA:5,4
DA:7,4
DA:9,4
DA:11,4
DA:12,4
DA:21,4
DA:23,4
DA:24,4
DA:25,4
DA:26,4
DA:28,4
LF:15
LH:15
BRDA:9,0,0,4
BRF:1
BRH:1
end_of_record
TN:
SF:/Users/zhangbo/GitHub/vue-koa-demo/server/routes/login.js
FN:5,(anonymous_0)
FN:15,(anonymous_1)
FN:30,(anonymous_2)
FNF:3
FNH:3
FNDA:2,(anonymous_0)
FNDA:3,(anonymous_1)
FNDA:2,(anonymous_2)
DA:1,4
DA:2,4
DA:3,4
DA:5,4
DA:6,2
DA:7,2
DA:8,2
DA:9,1
DA:11,1
DA:15,4
DA:16,3
DA:17,3
DA:18,3
DA:19,2
DA:20,1
DA:21,1
DA:23,1
DA:26,1
DA:30,4
DA:31,2
DA:32,0
DA:37,2
DA:44,4
DA:45,4
DA:46,4
DA:48,4
LF:26
LH:25
BRDA:8,0,0,1
BRDA:8,0,1,1
BRDA:18,1,0,2
BRDA:18,1,1,1
BRDA:19,2,0,1
BRDA:19,2,1,1
BRDA:31,3,0,0
BRDA:31,3,1,2
BRF:8
BRH:7
end_of_record
TN:
SF:/Users/zhangbo/GitHub/vue-koa-demo/server/routes/logout.js
FN:1,(anonymous_0)
FNF:1
FNH:1
FNDA:1,(anonymous_0)
DA:1,4
DA:2,1
DA:3,1
DA:8,4
LF:4
LH:4
BRF:0
BRH:0
end_of_record
TN:
SF:/Users/zhangbo/GitHub/vue-koa-demo/server/routes/register.js
FN:4,(anonymous_0)
FNF:1
FNH:1
FNDA:3,(anonymous_0)
DA:1,4
DA:2,4
DA:4,4
DA:5,3
DA:6,3
DA:7,2
DA:8,2
DA:9,2
DA:11,0
DA:15,0
DA:16,0
DA:20,4
LF:12
LH:9
BRDA:6,0,0,1
BRDA:6,0,1,2
BRDA:8,1,0,2
BRDA:8,1,1,0
BRF:4
BRH:3
end_of_record
TN:
SF:/Users/zhangbo/GitHub/vue-koa-demo/server/routes/userTodo.js
FN:5,(anonymous_0)
FN:17,(anonymous_1)
FN:36,(anonymous_2)
FN:45,(anonymous_3)
FN:49,(anonymous_4)
FNF:5
FNH:5
FNDA:1,(anonymous_0)
FNDA:2,(anonymous_1)
FNDA:3,(anonymous_2)
FNDA:1,(anonymous_3)
FNDA:1,(anonymous_4)
DA:1,4
DA:2,4
DA:3,4
DA:5,4
DA:6,1
DA:7,1
DA:8,1
DA:14,1
DA:15,1
DA:17,4
DA:18,2
DA:19,2
DA:20,2
DA:21,2
DA:22,2
DA:23,2
DA:24,1
DA:25,1
DA:27,1
DA:28,1
DA:30,2
DA:31,1
DA:33,1
DA:36,4
DA:37,3
DA:38,2
DA:40,1
DA:42,3
DA:43,3
DA:45,4
DA:46,1
DA:47,1
DA:49,4
DA:50,1
DA:51,1
DA:52,1
DA:53,1
DA:56,4
DA:57,4
DA:58,4
DA:59,4
DA:60,4
DA:62,4
LF:43
LH:43
BRDA:23,0,0,1
BRDA:23,0,1,1
BRDA:30,1,0,1
BRDA:30,1,1,1
BRDA:37,2,0,2
BRDA:37,2,1,1
BRF:6
BRH:6
end_of_record
TN:
SF:/Users/zhangbo/GitHub/vue-koa-demo/src/App.vue
FN:15,data
FN:21,setUserName
FN:25,created
FNF:3
FNH:3
FNDA:3,data
FNDA:1,setUserName
FNDA:3,created
DA:10,1
DA:11,1
DA:16,3
DA:22,1
DA:26,3
DA:27,1
LF:6
LH:6
BRDA:17,0,0,3
BRDA:17,0,1,2
BRDA:26,1,0,1
BRDA:26,1,1,2
BRF:4
BRH:4
end_of_record
TN:
SF:/Users/zhangbo/GitHub/vue-koa-demo/src/components/Detail.vue
FN:21,data
FN:30,created
FN:31,(anonymous_4)
FN:36,(anonymous_5)
FN:39,(anonymous_6)
FNF:5
FNH:5
FNDA:2,data
FNDA:2,created
FNDA:1,(anonymous_4)
FNDA:1,(anonymous_5)
FNDA:1,(anonymous_6)
DA:17,1
DA:18,1
DA:22,2
DA:30,2
DA:31,2
DA:33,1
DA:34,1
DA:35,1
DA:38,1
DA:39,1
DA:40,1
LF:11
LH:11
BRF:0
BRH:0
end_of_record
TN:
SF:/Users/zhangbo/GitHub/vue-koa-demo/src/components/Login.vue
FN:22,data
FN:23,validateUser
FN:27,(anonymous_4)
FN:31,(anonymous_5)
FN:35,validatePwd
FN:54,login
FN:55,(anonymous_8)
FN:57,(anonymous_9)
FN:61,(anonymous_10)
FN:68,(anonymous_11)
FN:74,resetForm
FN:78,created
FNF:12
FNH:0
FNDA:0,data
FNDA:0,validateUser
FNDA:0,(anonymous_4)
FNDA:0,(anonymous_5)
FNDA:0,validatePwd
FNDA:0,login
FNDA:0,(anonymous_8)
FNDA:0,(anonymous_9)
FNDA:0,(anonymous_10)
FNDA:0,(anonymous_11)
FNDA:0,resetForm
FNDA:0,created
DA:19,0
DA:22,0
DA:23,0
DA:24,0
DA:25,0
DA:27,0
DA:29,0
DA:32,0
DA:35,0
DA:36,0
DA:37,0
DA:39,0
DA:42,0
DA:54,0
DA:55,0
DA:56,0
DA:57,0
DA:59,0
DA:60,0
DA:61,0
DA:62,0
DA:65,0
DA:66,0
DA:69,0
DA:71,0
DA:75,0
DA:79,0
DA:80,0
LF:28
LH:0
BRDA:24,0,0,0
BRDA:24,0,1,0
BRDA:29,1,0,0
BRDA:29,1,1,0
BRDA:36,2,0,0
BRDA:36,2,1,0
BRDA:56,3,0,0
BRDA:56,3,1,0
BRDA:59,4,0,0
BRDA:59,4,1,0
BRDA:79,5,0,0
BRDA:79,5,1,0
BRF:12
BRH:0
end_of_record
TN:
SF:/Users/zhangbo/GitHub/vue-koa-demo/src/components/NotFound.vue
FN:10,data
FNF:1
FNH:1
FNDA:1,data
DA:11,1
LF:1
LH:1
BRF:0
BRH:0
end_of_record
TN:
SF:/Users/zhangbo/GitHub/vue-koa-demo/src/components/Register.vue
FN:25,data
FN:26,validatePwd
FN:33,validateRepwd
FN:65,confirmRegister
FN:66,(anonymous_6)
FN:68,(anonymous_7)
FN:77,(anonymous_8)
FN:87,(anonymous_9)
FN:98,resetForm
FN:102,created
FNF:10
FNH:0
FNDA:0,data
FNDA:0,validatePwd
FNDA:0,validateRepwd
FNDA:0,confirmRegister
FNDA:0,(anonymous_6)
FNDA:0,(anonymous_7)
FNDA:0,(anonymous_8)
FNDA:0,(anonymous_9)
FNDA:0,resetForm
FNDA:0,created
DA:22,0
DA:25,0
DA:26,0
DA:27,0
DA:28,0
DA:30,0
DA:33,0
DA:34,0
DA:35,0
DA:36,0
DA:37,0
DA:39,0
DA:42,0
DA:65,0
DA:66,0
DA:67,0
DA:68,0
DA:70,0
DA:71,0
DA:72,0
DA:77,0
DA:78,0
DA:81,0
DA:85,0
DA:88,0
DA:90,0
DA:94,0
DA:99,0
DA:103,0
DA:104,0
LF:30
LH:0
BRDA:27,0,0,0
BRDA:27,0,1,0
BRDA:34,1,0,0
BRDA:34,1,1,0
BRDA:36,2,0,0
BRDA:36,2,1,0
BRDA:67,3,0,0
BRDA:67,3,1,0
BRDA:71,4,0,0
BRDA:71,4,1,0
BRDA:103,5,0,0
BRDA:103,5,1,0
BRF:12
BRH:0
end_of_record
TN:
SF:/Users/zhangbo/GitHub/vue-koa-demo/src/components/TodoList.vue
FN:44,data
FN:54,checkHasLogin
FN:55,(anonymous_4)
FN:68,(anonymous_5)
FN:73,submitTodo
FN:75,(anonymous_7)
FN:82,(anonymous_8)
FN:85,getTodoList
FN:87,(anonymous_10)
FN:89,(anonymous_11)
FN:96,(anonymous_12)
FN:101,completeTodo
FN:102,(anonymous_14)
FN:109,(anonymous_15)
FN:114,todoClick
FN:118,(anonymous_17)
FN:123,todoInputBlur
FN:126,(anonymous_19)
FN:132,updateTodoDetail
FN:133,(anonymous_21)
FN:140,(anonymous_22)
FN:147,mounted
FN:150,beforeDestroy
FNF:23
FNH:12
FNDA:3,data
FNDA:3,checkHasLogin
FNDA:3,(anonymous_4)
FNDA:0,(anonymous_5)
FNDA:1,submitTodo
FNDA:1,(anonymous_7)
FNDA:0,(anonymous_8)
FNDA:5,getTodoList
FNDA:5,(anonymous_10)
FNDA:3,(anonymous_11)
FNDA:2,(anonymous_12)
FNDA:1,completeTodo
FNDA:1,(anonymous_14)
FNDA:0,(anonymous_15)
FNDA:0,todoClick
FNDA:0,(anonymous_17)
FNDA:0,todoInputBlur
FNDA:0,(anonymous_19)
FNDA:0,updateTodoDetail
FNDA:0,(anonymous_21)
FNDA:0,(anonymous_22)
FNDA:3,mounted
FNDA:0,beforeDestroy
DA:41,1
DA:45,3
DA:54,3
DA:55,3
DA:57,3
DA:58,3
DA:59,3
DA:60,3
DA:61,0
DA:63,3
DA:64,3
DA:66,0
DA:70,0
DA:73,1
DA:74,1
DA:75,1
DA:77,2
DA:79,1
DA:80,1
DA:81,1
DA:83,0
DA:85,20
DA:86,5
DA:87,5
DA:89,5
DA:90,3
DA:91,3
DA:93,3
DA:94,3
DA:95,3
DA:98,2
DA:101,1
DA:102,1
DA:104,1
DA:105,1
DA:106,1
DA:108,0
DA:111,0
DA:114,0
DA:115,0
DA:116,0
DA:117,0
DA:118,0
DA:119,0
DA:120,0
DA:123,0
DA:124,0
DA:125,0
DA:126,0
DA:127,0
DA:128,0
DA:129,0
DA:132,0
DA:133,0
DA:135,0
DA:136,0
DA:137,0
DA:139,0
DA:142,0
DA:143,0
DA:148,3
DA:151,0
DA:152,0
LF:63
LH:33
BRDA:48,0,0,0
BRDA:48,0,1,3
BRDA:50,1,0,0
BRDA:50,1,1,3
BRDA:59,2,0,3
BRDA:59,2,1,0
BRDA:60,3,0,0
BRDA:60,3,1,3
BRDA:74,4,0,0
BRDA:74,4,1,1
BRDA:77,5,0,1
BRDA:77,5,1,0
BRDA:85,6,0,20
BRDA:85,6,1,10
BRDA:95,7,0,0
BRDA:95,7,1,3
BRDA:104,8,0,1
BRDA:104,8,1,0
BRDA:115,9,0,0
BRDA:115,9,1,0
BRDA:135,10,0,0
BRDA:135,10,1,0
BRF:22
BRH:10
end_of_record
TN:
SF:/Users/zhangbo/GitHub/vue-koa-demo/src/components/Todofooter.vue
FN:10,data
FNF:1
FNH:1
FNDA:2,data
DA:11,2
LF:1
LH:1
BRF:0
BRH:0
end_of_record
TN:
SF:/Users/zhangbo/GitHub/vue-koa-demo/src/components/Todoheader.vue
FN:13,data
FN:22,logout
FN:23,(anonymous_4)
FN:32,(anonymous_5)
FNF:4
FNH:4
FNDA:7,data
FNDA:3,logout
FNDA:2,(anonymous_4)
FNDA:1,(anonymous_5)
DA:9,2
DA:14,7
DA:22,3
DA:23,3
DA:25,2
DA:26,1
DA:27,1
DA:28,1
DA:29,1
DA:30,1
DA:34,1
LF:11
LH:11
BRDA:25,0,0,1
BRDA:25,0,1,1
BRF:2
BRH:2
end_of_record
